<?xml version="1.0" encoding="UTF-8"?>
<!-- Generated by org.testng.reporters.JUnitReportReporter -->
<testsuite hostname="DESKTOP-1HDH91R" failures="0" tests="6" name="com.sgtesting.softassertions.UsersScenarioDemo" time="34.119" errors="1" timestamp="2022-07-30T13:06:54 IST" skipped="0">
  <testcase classname="com.sgtesting.softassertions.UsersScenarioDemo" name="launchBrowser" time="4.674"/>
  <system-out/>
  <testcase classname="com.sgtesting.softassertions.UsersScenarioDemo" name="navigate" time="6.640"/>
  <system-out/>
  <testcase classname="com.sgtesting.softassertions.UsersScenarioDemo" name="login" time="4.486"/>
  <system-out/>
  <testcase classname="com.sgtesting.softassertions.UsersScenarioDemo" name="minimizeFlyOutWindow" time="2.129"/>
  <system-out/>
  <testcase classname="com.sgtesting.softassertions.UsersScenarioDemo" name="createUser" time="16.190"/>
  <system-out/>
  <testcase classname="com.sgtesting.softassertions.UsersScenarioDemo" name="modifyUser" time="0.000">
    <error message="
Method private void com.sgtesting.softassertions.UsersScenarioDemo.modifyUser() requires a @DataProvider named : modifyCredentails" type="org.testng.TestNGException">
      <![CDATA[org.testng.TestNGException: 
Method private void com.sgtesting.softassertions.UsersScenarioDemo.modifyUser() requires a @DataProvider named : modifyCredentails
at org.testng.internal.Parameters.findDataProvider(Parameters.java:561)
at org.testng.internal.Parameters.handleParameters(Parameters.java:772)
at org.testng.internal.Parameters.handleParameters(Parameters.java:740)
at org.testng.internal.ParameterHandler.handleParameters(ParameterHandler.java:59)
at org.testng.internal.ParameterHandler.createParameters(ParameterHandler.java:38)
at org.testng.internal.TestInvoker$MethodInvocationAgent.invoke(TestInvoker.java:791)
at org.testng.internal.TestInvoker.invokeTestMethods(TestInvoker.java:146)
at org.testng.internal.TestMethodWorker.invokeTestMethods(TestMethodWorker.java:146)
at org.testng.internal.TestMethodWorker.run(TestMethodWorker.java:128)
at java.base/java.util.ArrayList.forEach(ArrayList.java:1511)
at org.testng.TestRunner.privateRun(TestRunner.java:794)
at org.testng.TestRunner.run(TestRunner.java:596)
at org.testng.SuiteRunner.runTest(SuiteRunner.java:377)
at org.testng.SuiteRunner.runSequentially(SuiteRunner.java:371)
at org.testng.SuiteRunner.privateRun(SuiteRunner.java:332)
at org.testng.SuiteRunner.run(SuiteRunner.java:276)
at org.testng.SuiteRunnerWorker.runSuite(SuiteRunnerWorker.java:53)
at org.testng.SuiteRunnerWorker.run(SuiteRunnerWorker.java:96)
at org.testng.TestNG.runSuitesSequentially(TestNG.java:1212)
at org.testng.TestNG.runSuitesLocally(TestNG.java:1134)
at org.testng.TestNG.runSuites(TestNG.java:1063)
at org.testng.TestNG.run(TestNG.java:1031)
at org.testng.remote.AbstractRemoteTestNG.run(AbstractRemoteTestNG.java:115)
at org.testng.remote.RemoteTestNG.initAndRun(RemoteTestNG.java:251)
at org.testng.remote.RemoteTestNG.main(RemoteTestNG.java:77)
]]>
    </error>
  </testcase> <!-- modifyUser -->
  <system-out/>
</testsuite> <!-- com.sgtesting.softassertions.UsersScenarioDemo -->
